2022-08-16 14:38:16,058 INFO {'Accuracy': 0.40248860416410004, 'F1score': 0.37996740069555346, 'CohenKappa': 0.39491586042090243, 'LastSubmissionTime': datetime.datetime(2022, 8, 16, 14, 38, 11)}
2022-08-16 15:15:30,262 INFO {'Accuracy': 0.07798447702353085, 'F1score': 0.029105785969682094, 'CohenKappa': 0.04904568908847762, 'LastSubmissionTime': datetime.datetime(2022, 8, 16, 15, 15, 26)}
2022-08-16 15:21:08,431 INFO {'Accuracy': 0.36663792041394605, 'F1score': 0.3404909123772111, 'CohenKappa': 0.35840507326432025, 'LastSubmissionTime': datetime.datetime(2022, 8, 16, 15, 21, 3)}
2022-08-16 15:43:14,842 INFO {'Accuracy': 0.37094985832204014, 'F1score': 0.3546621834273067, 'CohenKappa': 0.3630018265816537, 'LastSubmissionTime': datetime.datetime(2022, 8, 16, 15, 43, 10)}
2022-08-16 16:33:35,980 INFO {'Accuracy': 0.36515954170259945, 'F1score': 0.34712938662846843, 'CohenKappa': 0.357143260042184, 'LastSubmissionTime': datetime.datetime(2022, 8, 16, 16, 33, 30)}
2022-08-16 16:43:09,334 INFO {'Accuracy': 0.36959467783663913, 'F1score': 0.34676656023414765, 'CohenKappa': 0.3614538495635192, 'LastSubmissionTime': datetime.datetime(2022, 8, 16, 16, 43, 4)}
2022-08-16 17:20:05,098 INFO {'Accuracy': 0.15880251324380928, 'F1score': 0.15534712224832659, 'CohenKappa': 0.15000269156959, 'LastSubmissionTime': datetime.datetime(2022, 8, 16, 17, 20)}
2022-08-16 18:03:13,841 INFO {'Accuracy': 0.15683134162868054, 'F1score': 0.1404998046757542, 'CohenKappa': 0.1462014437042457, 'LastSubmissionTime': datetime.datetime(2022, 8, 16, 18, 3, 8)}
2022-08-16 21:25:29,460 INFO {'Accuracy': 0.36663792041394605, 'F1score': 0.3441337207126011, 'CohenKappa': 0.35833620122425625, 'LastSubmissionTime': datetime.datetime(2022, 8, 16, 21, 25, 23)}
2022-08-16 23:17:55,596 INFO {'Accuracy': 0.3920167549587286, 'F1score': 0.3727733764686409, 'CohenKappa': 0.38436504897628443, 'LastSubmissionTime': datetime.datetime(2022, 8, 16, 23, 17, 50)}
2022-08-16 23:25:36,648 INFO {'Accuracy': 0.3763705802636442, 'F1score': 0.35703744291952155, 'CohenKappa': 0.3684638708710879, 'LastSubmissionTime': datetime.datetime(2022, 8, 16, 23, 25, 31)}
2022-08-16 23:33:45,987 INFO {'Accuracy': 0.3917703585068375, 'F1score': 0.3748517046886125, 'CohenKappa': 0.3840750368745336, 'LastSubmissionTime': datetime.datetime(2022, 8, 16, 23, 33, 40)}
2022-08-16 23:45:25,831 INFO {'Accuracy': 0.3173586300357275, 'F1score': 0.25681537486590406, 'CohenKappa': 0.3064766001158855, 'LastSubmissionTime': datetime.datetime(2022, 8, 16, 23, 45, 20)}
2022-08-16 23:54:37,625 INFO {'Accuracy': 0.3890599975360355, 'F1score': 0.36925519419988995, 'CohenKappa': 0.38114028217720675, 'LastSubmissionTime': datetime.datetime(2022, 8, 16, 23, 54, 32)}
2022-08-17 00:19:49,412 INFO {'Accuracy': 0.3883208081803622, 'F1score': 0.36933404396389374, 'CohenKappa': 0.38043027029190957, 'LastSubmissionTime': datetime.datetime(2022, 8, 17, 0, 19, 44)}
2022-08-17 09:33:33,546 INFO {'Accuracy': 0.4081557225575952, 'F1score': 0.3841873228868411, 'CohenKappa': 0.40047860769832455, 'LastSubmissionTime': datetime.datetime(2022, 8, 17, 9, 33, 27)}
2022-08-17 09:56:09,163 INFO {'Accuracy': 0.41505482321054576, 'F1score': 0.3995360281709869, 'CohenKappa': 0.40756890495192233, 'LastSubmissionTime': datetime.datetime(2022, 8, 17, 9, 56, 2)}
2022-08-17 10:24:07,391 INFO {'Accuracy': 0.4159172107921646, 'F1score': 0.39640929251877655, 'CohenKappa': 0.40857458190206153, 'LastSubmissionTime': datetime.datetime(2022, 8, 17, 10, 24, 1)}
2022-08-17 10:39:30,860 INFO {'Accuracy': 0.41160527288407045, 'F1score': 0.38773175662598125, 'CohenKappa': 0.40385689603887864, 'LastSubmissionTime': datetime.datetime(2022, 8, 17, 10, 39, 24)}
2022-08-17 11:09:34,581 INFO {'Accuracy': 0.39324873721818404, 'F1score': 0.3683051912350359, 'CohenKappa': 0.3851126073109048, 'LastSubmissionTime': datetime.datetime(2022, 8, 17, 11, 9, 28)}
2022-08-17 11:26:01,067 INFO {'Accuracy': 0.38363927559443145, 'F1score': 0.35243175595144616, 'CohenKappa': 0.37501900097260665, 'LastSubmissionTime': datetime.datetime(2022, 8, 17, 11, 25, 55)}
2022-08-17 11:34:41,516 INFO {'Accuracy': 0.25662190464457313, 'F1score': 0.20878065150869174, 'CohenKappa': 0.24419383262631122, 'LastSubmissionTime': datetime.datetime(2022, 8, 17, 11, 34, 35)}
2022-08-17 11:42:30,285 INFO {'Accuracy': 0.41813477885918443, 'F1score': 0.3966875934552276, 'CohenKappa': 0.4104875532307569, 'LastSubmissionTime': datetime.datetime(2022, 8, 17, 11, 42, 24)}
2022-08-17 13:02:10,259 INFO {'Accuracy': 0.438339287914254, 'F1score': 0.416611678189053, 'CohenKappa': 0.4311869344700514, 'LastSubmissionTime': datetime.datetime(2022, 8, 17, 13, 2, 4)}
2022-08-17 17:48:47,697 INFO {'Accuracy': 0.4355057287175065, 'F1score': 0.406344172068005, 'CohenKappa': 0.4281018583813282, 'LastSubmissionTime': datetime.datetime(2022, 8, 17, 17, 48, 40)}
2022-08-17 18:14:02,586 INFO {'Accuracy': 0.4310705925834668, 'F1score': 0.4189549542363887, 'CohenKappa': 0.42416558996875275, 'LastSubmissionTime': datetime.datetime(2022, 8, 17, 18, 13, 56)}
2022-08-17 18:56:53,634 INFO {'Accuracy': 0.43784649501047185, 'F1score': 0.4255848309278067, 'CohenKappa': 0.4309881625983335, 'LastSubmissionTime': datetime.datetime(2022, 8, 17, 18, 56, 47)}
2022-08-17 21:27:33,386 INFO {'Accuracy': 0.44523838856720466, 'F1score': 0.42917684820295865, 'CohenKappa': 0.4382526729828342, 'LastSubmissionTime': datetime.datetime(2022, 8, 17, 21, 27, 26)}
2022-08-17 22:02:05,204 INFO {'Accuracy': 0.42799063693482814, 'F1score': 0.407413787654443, 'CohenKappa': 0.4208272098740464, 'LastSubmissionTime': datetime.datetime(2022, 8, 17, 22, 1, 58)}
2022-08-17 22:34:10,401 INFO {'Accuracy': 0.438339287914254, 'F1score': 0.4238173778085694, 'CohenKappa': 0.4313480273369792, 'LastSubmissionTime': datetime.datetime(2022, 8, 17, 22, 34, 3)}
2022-08-18 01:53:49,893 INFO {'Accuracy': 0.43673771097696196, 'F1score': 0.42682807830120556, 'CohenKappa': 0.4300058375717434, 'LastSubmissionTime': datetime.datetime(2022, 8, 18, 1, 53, 42)}
2022-08-18 12:50:14,045 INFO {'Accuracy': 0.48293704570654183, 'F1score': 0.47005850293172446, 'CohenKappa': 0.476728618998848, 'LastSubmissionTime': datetime.datetime(2022, 8, 18, 12, 50, 6)}
2022-08-18 13:50:19,336 INFO {'Accuracy': 0.4925465073302944, 'F1score': 0.48166949433127826, 'CohenKappa': 0.4864609875260911, 'LastSubmissionTime': datetime.datetime(2022, 8, 18, 13, 50, 11)}
2022-08-18 14:04:35,180 INFO {'Accuracy': 0.48564740667734385, 'F1score': 0.472981769744085, 'CohenKappa': 0.47929501454398005, 'LastSubmissionTime': datetime.datetime(2022, 8, 18, 14, 4, 27)}
2022-08-18 14:04:35,180 INFO {'Accuracy': 0.48564740667734385, 'F1score': 0.472981769744085, 'CohenKappa': 0.47929501454398005, 'LastSubmissionTime': datetime.datetime(2022, 8, 18, 14, 4, 27)}
2022-08-18 15:02:46,988 INFO {'Accuracy': 0.5349266970555624, 'F1score': 0.5255186987062183, 'CohenKappa': 0.5294167053435606, 'LastSubmissionTime': datetime.datetime(2022, 8, 18, 15, 1, 56)}
2022-08-18 15:02:46,988 INFO {'Accuracy': 0.5349266970555624, 'F1score': 0.5255186987062183, 'CohenKappa': 0.5294167053435606, 'LastSubmissionTime': datetime.datetime(2022, 8, 18, 15, 1, 56)}
